# JRE version: Java(TM) SE Runtime Environment (17.0.2+8) (build 17.0.2+8-LTS-86)
# Java VM: Java HotSpot(TM) 64-Bit Server VM (17.0.2+8-LTS-86, mixed mode, sharing, tiered, compressed oops, compressed class ptrs, g1 gc, windows-amd64)
GC Precious Log:
 CPUs: 4 total, 4 available
 Memory: 3994M
 Large Page Support: Disabled
 NUMA Support: Disabled
 Compressed Oops: Enabled (32-bit)
 Heap Region Size: 1M
 Heap Min Capacity: 8M
 Heap Initial Capacity: 64M
 Heap Max Capacity: 1000M
 Pre-touch: Disabled
 Parallel Workers: 4
 Concurrent Workers: 1
 Concurrent Refinement Workers: 4
 Periodic GC: Disabled
Heap:
 garbage-first heap   total 124928K, used 83037K [0x00000000c1800000, 0x0000000100000000)
  region size 1024K, 14 young (14336K), 3 survivors (3072K)
 Metaspace       used 24687K, committed 25024K, reserved 1073152K
  class space    used 3152K, committed 3328K, reserved 1048576K
GC Heap History (14 events):
Event: 0.619 GC heap before
{Heap before GC invocations=0 (full 0):
 garbage-first heap   total 65536K, used 16384K [0x00000000c1800000, 0x0000000100000000)
  region size 1024K, 13 young (13312K), 0 survivors (0K)
 Metaspace       used 1317K, committed 1408K, reserved 1056768K
  class space    used 117K, committed 192K, reserved 1048576K
}
Event: 0.626 GC heap after
{Heap after GC invocations=1 (full 0):
 garbage-first heap   total 65536K, used 11272K [0x00000000c1800000, 0x0000000100000000)
  region size 1024K, 2 young (2048K), 2 survivors (2048K)
 Metaspace       used 1317K, committed 1408K, reserved 1056768K
  class space    used 117K, committed 192K, reserved 1048576K
}
Event: 1.261 GC heap before
{Heap before GC invocations=1 (full 0):
 garbage-first heap   total 65536K, used 19464K [0x00000000c1800000, 0x0000000100000000)
  region size 1024K, 11 young (11264K), 2 survivors (2048K)
 Metaspace       used 5487K, committed 5632K, reserved 1056768K
  class space    used 588K, committed 640K, reserved 1048576K
}
Event: 1.265 GC heap after
{Heap after GC invocations=2 (full 0):
 garbage-first heap   total 65536K, used 12648K [0x00000000c1800000, 0x0000000100000000)
  region size 1024K, 2 young (2048K), 2 survivors (2048K)
 Metaspace       used 5487K, committed 5632K, reserved 1056768K
  class space    used 588K, committed 640K, reserved 1048576K
}
Event: 1.900 GC heap before
{Heap before GC invocations=2 (full 0):
 garbage-first heap   total 65536K, used 28008K [0x00000000c1800000, 0x0000000100000000)
  region size 1024K, 18 young (18432K), 2 survivors (2048K)
 Metaspace       used 10425K, committed 10624K, reserved 1064960K
  class space    used 1182K, committed 1280K, reserved 1048576K
}
Event: 1.908 GC heap after
{Heap after GC invocations=3 (full 0):
 garbage-first heap   total 65536K, used 14510K [0x00000000c1800000, 0x0000000100000000)
  region size 1024K, 3 young (3072K), 3 survivors (3072K)
 Metaspace       used 10425K, committed 10624K, reserved 1064960K
  class space    used 1182K, committed 1280K, reserved 1048576K
}
Event: 2.852 GC heap before
{Heap before GC invocations=3 (full 0):
 garbage-first heap   total 65536K, used 37038K [0x00000000c1800000, 0x0000000100000000)
  region size 1024K, 26 young (26624K), 3 survivors (3072K)
 Metaspace       used 12527K, committed 12736K, reserved 1064960K
  class space    used 1442K, committed 1536K, reserved 1048576K
}
Event: 2.866 GC heap after
{Heap after GC invocations=4 (full 0):
 garbage-first heap   total 65536K, used 17469K [0x00000000c1800000, 0x0000000100000000)
  region size 1024K, 4 young (4096K), 4 survivors (4096K)
 Metaspace       used 12527K, committed 12736K, reserved 1064960K
  class space    used 1442K, committed 1536K, reserved 1048576K
}
Event: 3.602 GC heap before
{Heap before GC invocations=4 (full 0):
 garbage-first heap   total 65536K, used 36925K [0x00000000c1800000, 0x0000000100000000)
  region size 1024K, 24 young (24576K), 4 survivors (4096K)
 Metaspace       used 18782K, committed 19008K, reserved 1073152K
  class space    used 2270K, committed 2368K, reserved 1048576K
}
Event: 3.612 GC heap after
{Heap after GC invocations=5 (full 0):
 garbage-first heap   total 65536K, used 19264K [0x00000000c1800000, 0x0000000100000000)
  region size 1024K, 2 young (2048K), 2 survivors (2048K)
 Metaspace       used 18782K, committed 19008K, reserved 1073152K
  class space    used 2270K, committed 2368K, reserved 1048576K
}
Event: 4.430 GC heap before
{Heap before GC invocations=5 (full 0):
 garbage-first heap   total 65536K, used 30528K [0x00000000c1800000, 0x0000000100000000)
  region size 1024K, 15 young (15360K), 2 survivors (2048K)
 Metaspace       used 21204K, committed 21504K, reserved 1073152K
  class space    used 2660K, committed 2752K, reserved 1048576K
}
Event: 4.435 GC heap after
{Heap after GC invocations=6 (full 0):
 garbage-first heap   total 78848K, used 19865K [0x00000000c1800000, 0x0000000100000000)
  region size 1024K, 3 young (3072K), 3 survivors (3072K)
 Metaspace       used 21204K, committed 21504K, reserved 1073152K
  class space    used 2660K, committed 2752K, reserved 1048576K
}
Event: 4.784 GC heap before
{Heap before GC invocations=7 (full 0):
 garbage-first heap   total 78848K, used 43417K [0x00000000c1800000, 0x0000000100000000)
  region size 1024K, 11 young (11264K), 3 survivors (3072K)
 Metaspace       used 22738K, committed 22976K, reserved 1073152K
  class space    used 2890K, committed 3008K, reserved 1048576K
}
Event: 4.790 GC heap after
{Heap after GC invocations=8 (full 0):
 garbage-first heap   total 78848K, used 37981K [0x00000000c1800000, 0x0000000100000000)
  region size 1024K, 3 young (3072K), 3 survivors (3072K)
 Metaspace       used 22738K, committed 22976K, reserved 1073152K
  class space    used 2890K, committed 3008K, reserved 1048576K
}

